<?xml version="1.0" encoding="UTF-8"?>
<testsuite xmlns:xsi="http://www.w3.org/2001/XMLSchema-instance" xsi:noNamespaceSchemaLocation="https://maven.apache.org/surefire/maven-surefire-plugin/xsd/surefire-test-report-3.0.xsd" version="3.0" name="com.example.AppTest" time="0.094" tests="1" errors="0" skipped="0" failures="0">
  <properties>
    <property name="java.specification.version" value="19"/>
    <property name="sun.cpu.isalist" value="amd64"/>
    <property name="sun.jnu.encoding" value="Cp1252"/>
    <property name="java.class.path" value="C:\Users\VINAY KUMAR\Desktop\DevOps_Stuff\maven-sonar-pipeline\Maven-Sonarqube-project\MyJavaApp\target\test-classes;C:\Users\VINAY KUMAR\Desktop\DevOps_Stuff\maven-sonar-pipeline\Maven-Sonarqube-project\MyJavaApp\target\classes;C:\Users\VINAY KUMAR\.m2\repository\junit\junit\4.13.2\junit-4.13.2.jar;C:\Users\VINAY KUMAR\.m2\repository\org\hamcrest\hamcrest-core\1.3\hamcrest-core-1.3.jar;"/>
    <property name="java.vm.vendor" value="Oracle Corporation"/>
    <property name="sun.arch.data.model" value="64"/>
    <property name="user.variant" value=""/>
    <property name="java.vendor.url" value="https://java.oracle.com/"/>
    <property name="user.timezone" value="Asia/Calcutta"/>
    <property name="os.name" value="Windows 11"/>
    <property name="java.vm.specification.version" value="19"/>
    <property name="sun.java.launcher" value="SUN_STANDARD"/>
    <property name="user.country" value="IN"/>
    <property name="sun.boot.library.path" value="C:\Program Files\Java\jdk-19\bin"/>
    <property name="sun.java.command" value="C:\Users\VINAY KUMAR\AppData\Local\Temp\surefire3462040400646438671\surefirebooter3186772521398852555.jar C:\Users\VINAY KUMAR\AppData\Local\Temp\surefire3462040400646438671 2024-07-14T13-23-44_858-jvmRun1 surefire15620695738120399029tmp surefire_017286826830790722240tmp"/>
    <property name="jdk.debug" value="release"/>
    <property name="surefire.test.class.path" value="C:\Users\VINAY KUMAR\Desktop\DevOps_Stuff\maven-sonar-pipeline\Maven-Sonarqube-project\MyJavaApp\target\test-classes;C:\Users\VINAY KUMAR\Desktop\DevOps_Stuff\maven-sonar-pipeline\Maven-Sonarqube-project\MyJavaApp\target\classes;C:\Users\VINAY KUMAR\.m2\repository\junit\junit\4.13.2\junit-4.13.2.jar;C:\Users\VINAY KUMAR\.m2\repository\org\hamcrest\hamcrest-core\1.3\hamcrest-core-1.3.jar;"/>
    <property name="sun.cpu.endian" value="little"/>
    <property name="user.home" value="C:\Users\VINAY KUMAR"/>
    <property name="user.language" value="en"/>
    <property name="java.specification.vendor" value="Oracle Corporation"/>
    <property name="java.version.date" value="2022-09-20"/>
    <property name="java.home" value="C:\Program Files\Java\jdk-19"/>
    <property name="file.separator" value="\"/>
    <property name="basedir" value="C:\Users\VINAY KUMAR\Desktop\DevOps_Stuff\maven-sonar-pipeline\Maven-Sonarqube-project\MyJavaApp"/>
    <property name="java.vm.compressedOopsMode" value="Zero based"/>
    <property name="line.separator" value="&#10;"/>
    <property name="java.vm.specification.vendor" value="Oracle Corporation"/>
    <property name="java.specification.name" value="Java Platform API Specification"/>
    <property name="surefire.real.class.path" value="C:\Users\VINAY KUMAR\AppData\Local\Temp\surefire3462040400646438671\surefirebooter3186772521398852555.jar"/>
    <property name="user.script" value=""/>
    <property name="sun.management.compiler" value="HotSpot 64-Bit Tiered Compilers"/>
    <property name="java.runtime.version" value="19+36-2238"/>
    <property name="user.name" value="VINAY KUMAR"/>
    <property name="stdout.encoding" value="Cp1252"/>
    <property name="path.separator" value=";"/>
    <property name="os.version" value="10.0"/>
    <property name="java.runtime.name" value="Java(TM) SE Runtime Environment"/>
    <property name="file.encoding" value="UTF-8"/>
    <property name="java.vm.name" value="Java HotSpot(TM) 64-Bit Server VM"/>
    <property name="localRepository" value="C:\Users\VINAY KUMAR\.m2\repository"/>
    <property name="java.vendor.url.bug" value="https://bugreport.java.com/bugreport/"/>
    <property name="java.io.tmpdir" value="C:\Users\VINAYK~1\AppData\Local\Temp\"/>
    <property name="java.version" value="19"/>
    <property name="user.dir" value="C:\Users\VINAY KUMAR\Desktop\DevOps_Stuff\maven-sonar-pipeline\Maven-Sonarqube-project\MyJavaApp"/>
    <property name="os.arch" value="amd64"/>
    <property name="java.vm.specification.name" value="Java Virtual Machine Specification"/>
    <property name="sun.os.patch.level" value=""/>
    <property name="native.encoding" value="Cp1252"/>
    <property name="java.library.path" value="C:\Program Files\Java\jdk-19\bin;C:\WINDOWS\Sun\Java\bin;C:\WINDOWS\system32;C:\WINDOWS;c:\Users\VINAY KUMAR\AppData\Local\Programs\cursor\resources\app\bin;C:\Program Files\Python311\Scripts\;C:\Program Files\Python311\;C:\Program Files\Common Files\Oracle\Java\javapath;C:\Program Files (x86)\Common Files\Oracle\Java\javapath;C:\WINDOWS\system32;C:\WINDOWS;C:\WINDOWS\System32\Wbem;C:\WINDOWS\System32\WindowsPowerShell\v1.0\;C:\WINDOWS\System32\OpenSSH\;C:\Program Files\Java\jdk-19\bin;C:\apache-tomcat-10.0.27\bin;C:\Program Files\MySQL\MySQL Server 8.0\bin;C:\Program Files\MATLAB\R2022b\bin;C:\Program Files\Docker\Docker\resources\bin;C:\Users\VINAY KUMAR\AppData\Roaming\Python\Python311\site-packages;C:\Users\VINAY KUMAR\AppData\Roaming\Python\Python311\Scripts;C:\Program Files\nodejs\;C:\Program Files\Git\cmd;C:\Program Files\MySQL\MySQL Shell 8.0\bin\;C:\Users\VINAY KUMAR\AppData\Local\Microsoft\WindowsApps;C:\Users\VINAY KUMAR\AppData\Roaming\Python\Python311\site-packages\twine;C:\Users\VINAY KUMAR\AppData\Roaming\Python\Python311\Scripts;C:\Users\VINAY KUMAR\AppData\Roaming\npm;c:\Users\V;c:\Users\VINAY KUMAR\AppData\Local\Programs\cursor\resources\app\bin;C:\Program Files\Java\jdk-21\bin;C:\Program Files\Amazon\AWSCLIV2\;C:\Terraform;C:\ProgramData\chocolatey\bin;C:\Program Files\Kubernetes\Minikube;C:\minikube;C:\Users\VINAY KUMAR\eksctl_Windows_amd64;C:\Program Files\Snowflake SnowSQL\;C:\Program Files\apache-maven-3.9.8\bin;C:\Program Files\MySQL\MySQL Shell 8.0\bin\;C:\Users\VINAY KUMAR\AppData\Local\Microsoft\WindowsApps;C:\Users\VINAY KUMAR\AppData\Local\Programs\Microsoft VS Code\bin;C:\Users\VINAY KUMAR\AppData\Roaming\Python\Python311\site-packages\twine;C:\Users\VINAY KUMAR\AppData\Roaming\Python\Python311\Scripts;C:\Users\VINAY KUMAR\AppData\Roaming\npm;C:\Program Files\heroku\bin;C:\Users\VINAY KUMAR\AppData\Local\Microsoft\WinGet\Packages\Helm.Helm_Microsoft.Winget.Source_8wekyb3d8bbwe\windows-amd64;;."/>
    <property name="java.vm.info" value="mixed mode, sharing"/>
    <property name="stderr.encoding" value="Cp1252"/>
    <property name="java.vendor" value="Oracle Corporation"/>
    <property name="java.vm.version" value="19+36-2238"/>
    <property name="sun.io.unicode.encoding" value="UnicodeLittle"/>
    <property name="java.class.version" value="63.0"/>
  </properties>
  <testcase name="testAdd" classname="com.example.AppTest" time="0.005"/>
</testsuite>